app/build/intermediates/manifest_merge_blame_file/debug/manifest-merger-blame-debug-report.txt
1<?xml version="1.0" encoding="utf-8"?>
2<manifest xmlns:android="http://schemas.android.com/apk/res/android"
3    package="com.assignment.diabetesrecords"
4    android:versionCode="1"
5    android:versionName="1.0" >
6
7    <uses-sdk
8        android:minSdkVersion="23"
8-->src/main/AndroidManifest.xml
9        android:targetSdkVersion="27" />
9-->src/main/AndroidManifest.xml
10
11    <uses-permission android:name="android.permission.READ_CALENDAR" />
11-->src/main/AndroidManifest.xml:6:5-72
11-->src/main/AndroidManifest.xml:6:22-69
12    <uses-permission android:name="android.permission.WRITE_CALENDAR" />
12-->src/main/AndroidManifest.xml:7:5-73
12-->src/main/AndroidManifest.xml:7:22-70
13    <uses-permission android:name="android.permission.VIBRATE" />
13-->[com.wdullaer:materialdatetimepicker:2.2.0] AndroidManifest.xml:26:5-66
13-->[com.wdullaer:materialdatetimepicker:2.2.0] AndroidManifest.xml:26:22-63
14
15    <application
15-->src/main/AndroidManifest.xml:10:5-49:19
16        android:allowBackup="true"
16-->src/main/AndroidManifest.xml:11:9-35
17        android:debuggable="true"
18        android:extractNativeLibs="false"
19        android:icon="@mipmap/ic_launcher1"
19-->src/main/AndroidManifest.xml:12:9-44
20        android:label="@string/app_name"
20-->src/main/AndroidManifest.xml:13:9-41
21        android:testOnly="true"
22        android:theme="@style/MyMaterialTheme" >
22-->src/main/AndroidManifest.xml:14:9-47
23        <activity
23-->src/main/AndroidManifest.xml:15:9-25:20
24            android:name="com.assignment.diabetesrecords.activity.MainActivity"
24-->src/main/AndroidManifest.xml:16:13-50
25            android:label="@string/title_activity_icon_text_tabs"
25-->src/main/AndroidManifest.xml:17:13-66
26            android:windowSoftInputMode="adjustPan" >
26-->src/main/AndroidManifest.xml:18:13-52
27            <intent-filter>
27-->src/main/AndroidManifest.xml:20:13-24:29
28                <action android:name="android.intent.action.MAIN" />
28-->src/main/AndroidManifest.xml:21:17-69
28-->src/main/AndroidManifest.xml:21:25-66
29
30                <category android:name="android.intent.category.LAUNCHER" />
30-->src/main/AndroidManifest.xml:23:17-77
30-->src/main/AndroidManifest.xml:23:27-74
31            </intent-filter>
32        </activity>
33        <activity
33-->src/main/AndroidManifest.xml:26:9-29:54
34            android:name="com.assignment.diabetesrecords.modules.add_doctor.AddDoctorActivity"
34-->src/main/AndroidManifest.xml:27:13-65
35            android:label="@string/title_activity_add_doctor"
35-->src/main/AndroidManifest.xml:28:13-62
36            android:theme="@style/MyMaterialTheme" />
36-->src/main/AndroidManifest.xml:29:13-51
37        <activity
37-->src/main/AndroidManifest.xml:30:9-33:54
38            android:name="com.assignment.diabetesrecords.modules.app_appointment.AddAppointmentActivity"
38-->src/main/AndroidManifest.xml:31:13-75
39            android:label="@string/title_activity_add_appointment"
39-->src/main/AndroidManifest.xml:32:13-67
40            android:theme="@style/MyMaterialTheme" />
40-->src/main/AndroidManifest.xml:33:13-51
41        <activity
41-->src/main/AndroidManifest.xml:35:9-38:54
42            android:name="com.assignment.diabetesrecords.modules.add_reminder.AddReminderActivity"
42-->src/main/AndroidManifest.xml:36:13-69
43            android:label="@string/title_activity_add_appointment"
43-->src/main/AndroidManifest.xml:37:13-67
44            android:theme="@style/MyMaterialTheme" />
44-->src/main/AndroidManifest.xml:38:13-51
45        <activity
45-->src/main/AndroidManifest.xml:41:9-44:54
46            android:name="com.assignment.diabetesrecords.modules.my_profile.MyProfileActivity"
46-->src/main/AndroidManifest.xml:42:13-65
47            android:label="@string/title_activity_add_reminder"
47-->src/main/AndroidManifest.xml:43:13-64
48            android:theme="@style/MyMaterialTheme" />
48-->src/main/AndroidManifest.xml:44:13-51
49
50        <receiver android:name="com.assignment.diabetesrecords.modules.add_reminder.AlertReceiver" />
50-->src/main/AndroidManifest.xml:46:9-71
50-->src/main/AndroidManifest.xml:46:19-69
51
52        <service
52-->src/main/AndroidManifest.xml:47:9-48:37
53            android:name="com.assignment.diabetesrecords.modules.add_reminder.Music"
53-->src/main/AndroidManifest.xml:47:18-60
54            android:enabled="true" />
54-->src/main/AndroidManifest.xml:48:13-35
55
56        <provider
56-->[com.google.firebase:firebase-common:11.8.0] AndroidManifest.xml:8:9-12:39
57            android:name="com.google.firebase.provider.FirebaseInitProvider"
57-->[com.google.firebase:firebase-common:11.8.0] AndroidManifest.xml:9:13-77
58            android:authorities="com.assignment.diabetesrecords.firebaseinitprovider"
58-->[com.google.firebase:firebase-common:11.8.0] AndroidManifest.xml:10:13-72
59            android:exported="false"
59-->[com.google.firebase:firebase-common:11.8.0] AndroidManifest.xml:11:13-37
60            android:initOrder="100" />
60-->[com.google.firebase:firebase-common:11.8.0] AndroidManifest.xml:12:13-36
61
62        <meta-data
62-->[com.google.android.gms:play-services-basement:11.8.0] AndroidManifest.xml:23:9-25:69
63            android:name="com.google.android.gms.version"
63-->[com.google.android.gms:play-services-basement:11.8.0] AndroidManifest.xml:24:13-58
64            android:value="@integer/google_play_services_version" />
64-->[com.google.android.gms:play-services-basement:11.8.0] AndroidManifest.xml:25:13-66
65    </application>
66
67</manifest>